TN:
SF:antarctic/__init__.py
DA:1,1,1B2M2Y8AsgTpgAmY7PhCfg
LF:0
LH:0
end_of_record
TN:
SF:antarctic/document.py
DA:2,1,GjQO1qb/z5nB/ppkxBC4Xg
DA:3,1,ydCxunymauVRdfWlNGpIBA
DA:5,1,WpEjgxacqgxANZhpobgHYQ
DA:7,1,wbex0Ytf94b7jE0u9OATig
DA:8,1,pY33pistfP6ujo0fewKmgQ
DA:9,1,EOKzbDJnrLZ1RR1xn+WK+w
DA:10,1,6ZFDvR2qnGpVbw+gwLzUgA
DA:11,1,tWm4iSUgjWTnJaYviZokxA
DA:14,1,EDHZDjfUsaaT0AQd7YQV0w
DA:15,1,/ZvqiDY7XVzMiSFdpC6ZCg
DA:22,1,5Qeo1AVFwZRFEbL/22NtJw
DA:24,1,E20xBQyRTxrPtRdd6lJ2Ng
DA:25,1,EbuESeXiked2DQysUHMbcw
DA:28,1,4iLX+5D8XzH9qQUXgwXG+g
DA:30,1,Nnqu9X+lU2lagW39QNhFWA
DA:31,1,fXI/pDodZb+zEJI6RiJQkw
DA:33,1,vnGpnBSLvN7JFNy2aRL7tQ
DA:35,1,c7jmPTbgdERyVgGBXAyQ8g
DA:41,1,YihOozMhP3FcYoafmBF2cw
DA:42,1,QV4jLPtuCMss9STh+xwxAg
DA:44,1,Nnqu9X+lU2lagW39QNhFWA
DA:45,1,MKwC2hdV3/wBxt2K/Ih3sg
DA:47,1,eh+K31QPFu5Y/v/6mfR5RA
DA:48,1,V1YLa97D8ZOK/B/AKpcZog
DA:50,1,hQUPYtuYau4JFOqvYkcRGA
DA:52,1,Nnqu9X+lU2lagW39QNhFWA
DA:53,1,Pvd4WgiqKyu37hCoQx5+6Q
DA:59,1,vnGpnBSLvN7JFNy2aRL7tQ
DA:60,1,Qkz+OVoZRPQ/lBz7d+murw
DA:62,1,Nnqu9X+lU2lagW39QNhFWA
DA:63,1,RaZcSImpZYxgbaCwOTXifQ
DA:66,1,vnGpnBSLvN7JFNy2aRL7tQ
DA:68,1,YBiupoL+HTCrHUOIqWvQ9w
DA:69,1,xvWIcpcyNr0gyGcTkdMxXw
DA:70,1,J8sFMP31dAkFgOl0eCwN7w
DA:71,1,JWQMRPxqpv13H37BZsqEgQ
DA:72,1,84B0juswNXHRp7Y9017paQ
DA:74,1,Nnqu9X+lU2lagW39QNhFWA
DA:75,1,ezytE/LY7apHg2Ik6wA/Sg
DA:77,1,vnGpnBSLvN7JFNy2aRL7tQ
DA:78,1,CY2WS/E+d13witCv/ETalQ
DA:82,1,GJPDQGaguJwOJmbL3MX44w
DA:84,1,Eq7x62fytpmBgXY+VOqe/Q
DA:86,1,X115G4CwmLkek13LoY9EUg
DA:91,1,RI8cTlkY1C2CUKwVHvOb0w
DA:94,1,ovL+DZA8iIU6vgaCvI/v5w
DA:96,1,eQcHBcHBcJ9/dVRYikzqww
DA:98,1,j+CcxAIEiLeqjzkbiEHnZA
DA:100,1,1ggLWyxZecNZp7rzIGT/Dw
DA:102,1,leWPu3a92U46XgI3/MVg5A
DA:104,1,1ggLWyxZecNZp7rzIGT/Dw
LF:50
LH:50
end_of_record
TN:
SF:antarctic/pandas_field.py
DA:2,1,1+9wdnNK6ERHmSA06tdyPQ
DA:5,1,ydCxunymauVRdfWlNGpIBA
DA:7,1,FIaPSuhjB2V2soaEKef+Vg
DA:8,1,GusTQ8rnslKGIeoIX1fGdQ
DA:9,1,jEc91tz0B1b2beSYnS+UDQ
DA:10,1,l3nhicvq6q+R3WkfKdsNMw
DA:12,1,wbex0Ytf94b7jE0u9OATig
DA:13,1,sYVUB9JqsE5XMAP89VC51g
DA:14,1,bdn4XzyfomP3DZrLFfTSRw
DA:15,1,UB2WUufZo6Qbo/I9MJAKzA
DA:18,1,kaUiNNUQLLpgNbcJeGFpGw
DA:28,1,9KRsdONdqLpfqefTK2FZHQ
DA:29,1,8MEEkA8qHtWC2rvMwUky4Q
DA:30,1,ZoyvNsFaVMmdwQbUEtOz4g
DA:33,1,bAHJXQ8P8VFzwTSKAAfz/A
DA:38,1,N2vOcTJtUwD8KWSUECLqMg
DA:39,1,WkiTLZmQwuuIeaGXVFogew
DA:41,1,nfDDZT220+cJNAdBH0q4lA
DA:42,1,5hgKNzui+9ivMBKYOxwyyw
DA:43,1,XQhOM8u8x7GXgw1YLvfzhA
DA:46,1,jkO+pPmbXX/qJ0/gERwm9A
DA:47,1,/ZvqiDY7XVzMiSFdpC6ZCg
DA:51,1,X4/p43ux2PRK0qZsFM3Hvg
DA:53,1,61bE+xOeyuyQ7uI1HKhD2g
DA:54,1,Ui3laypjYYN7hNaUrVWnxA
DA:56,1,KHAOdqXPkOJaTYVE0k3ADw
DA:58,1,qAz7QkuTZwZMO5UTQefdpw
DA:59,1,HDfLRN7gJcP7GqEe43q9aw
DA:61,1,DReT6S47IdM/yLHV/c26bQ
DA:62,1,mTDrh12VAfxBq5yRaKKULw
DA:63,1,dquiAd0b6I3SPuVFJDK09w
DA:65,1,WDl1PUCgXUwEsNB5YouINA
DA:66,1,53dI4JSXWbgkCvbuvBuCDg
DA:68,1,gL5P1cwsb9yytFvWdGLdxQ
DA:70,1,d211hu9pu/UTrm+RJaCEUQ
DA:72,1,fPqdw3FNpQRtnrv2OtBfSg
DA:73,1,j9Rd22sfQf0RYtcPDJM1Hw
DA:75,1,apkQQtiiE4JOuDIBvLOUjQ
LF:37
LH:37
end_of_record
