{"meta": {"version": "7.3.1", "timestamp": "2023-12-26T13:29:50.389922", "branch_coverage": false, "show_contexts": false}, "files": {"antarctic/__init__.py": {"executed_lines": [1], "summary": {"covered_lines": 0, "num_statements": 0, "percent_covered": 100.0, "percent_covered_display": "100", "missing_lines": 0, "excluded_lines": 0}, "missing_lines": [], "excluded_lines": []}, "antarctic/document.py": {"executed_lines": [2, 3, 5, 7, 8, 9, 10, 11, 14, 15, 22, 24, 25, 28, 30, 31, 33, 35, 41, 42, 44, 45, 47, 48, 50, 52, 53, 59, 60, 62, 63, 66, 68, 69, 70, 71, 72, 74, 75, 77, 78, 82, 84, 86, 91, 94, 96, 98, 100, 102, 104], "summary": {"covered_lines": 50, "num_statements": 50, "percent_covered": 100.0, "percent_covered_display": "100", "missing_lines": 0, "excluded_lines": 0}, "missing_lines": [], "excluded_lines": []}, "antarctic/pandas_field.py": {"executed_lines": [2, 5, 7, 8, 9, 10, 12, 13, 14, 15, 18, 28, 29, 30, 33, 38, 39, 41, 42, 43, 46, 47, 51, 53, 54, 56, 58, 59, 61, 62, 63, 65, 66, 68, 70, 72, 73, 75], "summary": {"covered_lines": 37, "num_statements": 37, "percent_covered": 100.0, "percent_covered_display": "100", "missing_lines": 0, "excluded_lines": 0}, "missing_lines": [], "excluded_lines": []}}, "totals": {"covered_lines": 87, "num_statements": 87, "percent_covered": 100.0, "percent_covered_display": "100", "missing_lines": 0, "excluded_lines": 0}}